<?xml version="1.0" encoding="UTF-8"?>
<testng-results ignored="0" total="1" passed="1" failed="0" skipped="0">
  <reporter-output>
  </reporter-output>
  <suite started-at="2022-05-03T20:23:06 EDT" name="Default suite" finished-at="2022-05-03T20:24:03 EDT" duration-ms="56044">
    <groups>
    </groups>
    <test started-at="2022-05-03T20:23:06 EDT" name="Default test" finished-at="2022-05-03T20:24:03 EDT" duration-ms="56044">
      <class name="MobilePage.Day8_ReOrder">
        <test-method is-config="true" signature="beforeTest()[pri:0, instance:MobilePage.Day8_ReOrder@79924b]" started-at="2022-05-03T20:23:06 EDT" name="beforeTest" finished-at="2022-05-03T20:23:28 EDT" duration-ms="21181" status="PASS">
          <reporter-output>
          </reporter-output>
        </test-method> <!-- beforeTest -->
        <test-method signature="Reorder()[pri:0, instance:MobilePage.Day8_ReOrder@79924b]" started-at="2022-05-03T20:23:28 EDT" name="Reorder" finished-at="2022-05-03T20:24:01 EDT" duration-ms="32978" status="PASS">
          <reporter-output>
          </reporter-output>
        </test-method> <!-- Reorder -->
        <test-method is-config="true" signature="afterTest()[pri:0, instance:MobilePage.Day8_ReOrder@79924b]" started-at="2022-05-03T20:24:01 EDT" name="afterTest" finished-at="2022-05-03T20:24:03 EDT" duration-ms="1527" status="PASS">
          <reporter-output>
          </reporter-output>
        </test-method> <!-- afterTest -->
      </class> <!-- MobilePage.Day8_ReOrder -->
    </test> <!-- Default test -->
  </suite> <!-- Default suite -->
</testng-results>
